2019-07-19 09:19:35,145 INFO  [Log] Start test: M_Home_01 
2019-07-19 09:19:54,925 INFO  [Log] Se obtuvo el elemento campoEmail 
2019-07-19 09:19:57,097 INFO  [Log] Se ingreso el correo 
2019-07-19 09:19:57,306 INFO  [Log] Se ingreso la contrasenia 
2019-07-19 09:19:57,851 INFO  [Log] Se hizo click en el boton Ingresar 
2019-07-19 09:19:57,851 INFO  [Log] 1_Se loguea el medico: Pasa 
2019-07-19 09:20:01,894 INFO  [Log] Se obtuvo el elemento campoUsuario 
2019-07-19 09:20:01,895 INFO  [Log] expected [true] but found [false] 
2019-07-19 09:20:01,895 INFO  [Log] 2_Se verifica la visualizaci蚤 campo labelUsuario: Falla 
2019-07-19 09:20:04,474 INFO  [Log] Start test: M_Home_02 
2019-07-19 09:20:09,592 INFO  [Log] Se obtuvo el elemento campoEmail 
2019-07-19 09:20:17,372 INFO  [Log] Se ingreso el correo 
2019-07-19 09:20:20,102 INFO  [Log] Se ingreso la contrasenia 
2019-07-19 09:20:21,769 INFO  [Log] Se hizo click en el boton Ingresar 
2019-07-19 09:20:21,769 INFO  [Log] 1_Se loguea el medico: Pasa 
2019-07-19 09:20:26,207 INFO  [Log] Se ingresa al modulo de Atender Videconsultas 
2019-07-19 09:20:26,903 INFO  [Log] 2_Se ingresa al modulo Atender Videoconsultas: Pasa 
2019-07-19 09:20:33,719 INFO  [Log] Se obtuvo el elemento panelInformacion 
2019-07-19 09:20:33,720 INFO  [Log] 3_Se verifica la visualizaci蚤 del panel de Informaci蚤: Pasa 
2019-07-19 09:20:34,232 INFO  [Log] End test: M_Home_02 
2019-07-19 09:20:35,670 INFO  [Log] Start test: M_Home_03 
2019-07-19 09:20:43,372 INFO  [Log] Se obtuvo el elemento campoEmail 
2019-07-19 09:20:48,532 INFO  [Log] Se ingreso el correo 
2019-07-19 09:20:51,973 INFO  [Log] Se ingreso la contrasenia 
2019-07-19 09:20:53,679 INFO  [Log] Se hizo click en el boton Ingresar 
2019-07-19 09:20:53,679 INFO  [Log] 1_Se loguea el medico: Pasa 
2019-07-19 09:20:57,847 INFO  [Log] Se obtuvo el elemento btnMiPerfil 
2019-07-19 09:20:58,486 INFO  [Log] 2_Se verifica la visualizaci蚤 del bot蚤 Mi perfil: Pasa 
2019-07-19 09:20:58,975 INFO  [Log] Se cerro la alerta de login correctamente 
2019-07-19 09:21:04,264 INFO  [Log] Se hizo click en el elemento btnMiPerfil 
2019-07-19 09:21:04,941 INFO  [Log] 3_Se hace clic en el bot蚤 mi perfil: Pasa 
2019-07-19 09:21:04,941 INFO  [Log] End test: M_Home_03 
2019-07-19 09:21:06,736 INFO  [Log] Start test: M_Home_04 
2019-07-19 09:21:09,826 INFO  [Log] Se obtuvo el elemento campoEmail 
2019-07-19 09:21:10,081 INFO  [Log] Se ingreso el correo 
2019-07-19 09:21:10,614 INFO  [Log] Se ingreso la contrasenia 
2019-07-19 09:21:11,028 INFO  [Log] Se hizo click en el boton Ingresar 
2019-07-19 09:21:11,028 INFO  [Log] 1_Se loguea el medico: Pasa 
2019-07-19 09:21:14,282 INFO  [Log] Se obtuvo el elemento btnToolBox 
2019-07-19 09:21:14,792 INFO  [Log] 2_Se verifica la visualizaci蚤 del bot蚤 ToolBox: Pasa 
2019-07-19 09:21:15,504 INFO  [Log] Se cerro la alerta de login correctamente 
2019-07-19 09:21:21,434 INFO  [Log] Se hizo click en el boton toolbox 
2019-07-19 09:21:22,225 INFO  [Log] 3_Se hace clic en el bot蚤 ToolBox: Pasa 
2019-07-19 09:21:22,225 INFO  [Log] End test: M_Home_04 
2019-07-19 09:21:24,607 INFO  [Log] Start test: M_Home_05 
2019-07-19 09:21:29,425 INFO  [Log] Se obtuvo el elemento campoEmail 
2019-07-19 09:21:33,346 INFO  [Log] Se ingreso el correo 
2019-07-19 09:21:33,568 INFO  [Log] Se ingreso la contrasenia 
2019-07-19 09:21:33,701 INFO  [Log] Se hizo click en el boton Ingresar 
2019-07-19 09:21:33,701 INFO  [Log] 1_Se loguea el medico: Pasa 
2019-07-19 09:21:39,467 INFO  [Log] Se obtuvo el elemento btnSalir 
2019-07-19 09:21:40,136 INFO  [Log] 2_Se verifica la visualizaci蚤 del bot蚤 Salir: Pasa 
2019-07-19 09:21:40,584 INFO  [Log] No se encuentra visible el mensaje de alerta 
2019-07-19 09:22:02,679 INFO  [Log] Se hizo click en el boton Salir 
2019-07-19 09:22:03,520 INFO  [Log] 3_Se hace clic en el bot蚤 salir: Pasa 
2019-07-19 09:22:04,757 INFO  [Log] Se obtuvo el elemento campoEmail 
2019-07-19 09:22:04,757 INFO  [Log] 4_Se verifica la visualizaci蚤 del campo email del login: Pasa 
2019-07-19 09:22:04,757 INFO  [Log] End test: M_Home_05 
2019-07-19 09:22:06,230 INFO  [Log] Start test: M_Login_01 
2019-07-19 09:22:09,938 INFO  [Log] Se obtuvo el elemento campoEmail 
2019-07-19 09:22:09,941 INFO  [Log] 1_Se verifica la visualizaci蚤 campo Email: Pasa 
2019-07-19 09:22:11,127 INFO  [Log] Se obtuvo el elemento campoContrasenia 
2019-07-19 09:22:11,127 INFO  [Log] 2_Se verifica la visualizaci蚤 campo contrase人: Pasa 
2019-07-19 09:22:11,474 INFO  [Log] Se obtuvo el elemento boton Ingresar 
2019-07-19 09:22:11,474 INFO  [Log] 3_Se verifica la visualizaci蚤 del bot蚤 ingresa deshabilitado: Pasa 
2019-07-19 09:22:12,584 INFO  [Log] Se obtuvo el elemento btnOlvidoContrasenia 
2019-07-19 09:22:12,584 INFO  [Log] 4_Se verifica la visualizaci蚤 del bot蚤 para recuperar contrase人: Pasa 
2019-07-19 09:22:13,593 INFO  [Log] Se obtuvo el elemento footer 
2019-07-19 09:22:13,593 INFO  [Log] 5_Se verifica la visualizaci蚤 Footer: Pasa 
2019-07-19 09:22:13,947 INFO  [Log] Se obtuvo el mensaje del footer 
2019-07-19 09:22:13,947 INFO  [Log] 6_Se verifica el Texto del Footer: Pasa 
2019-07-19 09:22:13,947 INFO  [Log] End test: M_Login_01 
2019-07-19 09:22:15,092 INFO  [Log] Start test: M_Login_02 
2019-07-19 09:22:24,862 INFO  [Log] Se obtuvo el elemento campoEmail 
2019-07-19 09:22:25,292 INFO  [Log] Se ingreso el correo 
2019-07-19 09:22:25,507 INFO  [Log] Se ingreso la contrasenia 
2019-07-19 09:22:27,235 INFO  [Log] Se hizo click en el boton Ingresar 
2019-07-19 09:22:27,235 INFO  [Log] 1_Se loguea el medico: Pasa 
2019-07-19 09:22:28,827 INFO  [Log] Se obtuvo el mensaje de alerta 
2019-07-19 09:22:30,320 INFO  [Log] 2_Se verifica mensaje de Bienvenida: Pasa 
2019-07-19 09:22:32,931 INFO  [Log] Se obtuvo el elemento moduloAtenerVideoconsultas 
2019-07-19 09:22:33,877 INFO  [Log] 3_Se ingresa a la home del medico: Pasa 
2019-07-19 09:22:33,877 INFO  [Log] End test: M_Login_02 
2019-07-19 09:22:36,571 INFO  [Log] Start test: M_Login_03 
2019-07-19 09:22:40,921 INFO  [Log] 1_Se ingresa al Login: Pasa 
2019-07-19 09:22:49,563 INFO  [Log] Se ingreso el correo 
2019-07-19 09:22:50,953 INFO  [Log] Se borro el correo 
2019-07-19 09:22:52,033 INFO  [Log] Se ingreso la contrasenia 
2019-07-19 09:22:52,119 INFO  [Log] Se borro el campo contrasenia 
2019-07-19 09:22:52,232 INFO  [Log] Se hizo click en el campo Email 
2019-07-19 09:22:52,259 INFO  [Log] Se obtuvo el elemento boton Ingresar 
2019-07-19 09:22:52,259 INFO  [Log] 2_Se verifica la visualizaci蚤 deshabilitada del bot蚤 Ingresar: Pasa 
2019-07-19 09:22:52,339 INFO  [Log] Se obtuvo el label de error del campo contrasenia 
2019-07-19 09:22:52,418 INFO  [Log] Se obtuvo el label de error del campo Email 
2019-07-19 09:22:53,157 INFO  [Log] 3_Se verifica texto error de campos Obligatorios: Pasa 
2019-07-19 09:22:53,157 INFO  [Log] End test: M_Login_03 
2019-07-19 09:23:01,472 INFO  [Log] Start test: M_Login_04 
2019-07-19 09:23:05,514 INFO  [Log] 1_Se ingresa al Login: Pasa 
2019-07-19 09:23:08,265 INFO  [Log] Se ingreso el correo 
2019-07-19 09:23:09,496 INFO  [Log] Se hizo click en el campo contrase침a 
2019-07-19 09:23:11,015 INFO  [Log] Se obtuvo el label de error del campo Email 
2019-07-19 09:23:12,156 INFO  [Log] 2_Se valida el formato del correo: Pasa 
2019-07-19 09:23:12,156 INFO  [Log] End test: M_Login_04 
2019-07-19 09:23:17,708 INFO  [Log] Start test: M_Login_05 
2019-07-19 09:23:21,176 INFO  [Log] 1_Se ingresa al Login: Pasa 
2019-07-19 09:23:21,401 INFO  [Log] Se obtuvo el elemento campoEmail 
2019-07-19 09:23:21,625 INFO  [Log] Se ingreso el correo 
2019-07-19 09:23:21,768 INFO  [Log] Se ingreso la contrasenia 
2019-07-19 09:23:21,985 INFO  [Log] Se hizo click en el boton Ingresar 
2019-07-19 09:23:22,447 INFO  [Log] Se obtuvo el titulo del alerta 
2019-07-19 09:23:22,480 INFO  [Log] Se obtuvo el mensaje de alerta 
2019-07-19 09:23:22,989 INFO  [Log] 2_Se verifica mensaje de Alerta: Pasa 
2019-07-19 09:23:22,989 INFO  [Log] End test: M_Login_05 
2019-07-19 09:23:33,769 INFO  [Log] Start test: M_Login_06 
2019-07-19 09:23:36,655 INFO  [Log] Se obtuvo el elemento btnOlvidoContrasenia 
2019-07-19 09:23:36,655 INFO  [Log] 1_Se verifica la visualizaci蚤 del bot蚤 para recuperar contrase人: Pasa 
2019-07-19 09:23:36,748 INFO  [Log] Se hizo click en el boton para recuperar contrase침a 
2019-07-19 09:23:36,748 INFO  [Log] 2_Se ingresa a recuperar contrase人: Pasa 
2019-07-19 09:23:38,512 INFO  [Log] Se obtuvo el elemento campoUsuario 
2019-07-19 09:23:38,512 INFO  [Log] 3_Se verifica la visualizaci蚤 del campo usuario: Pasa 
2019-07-19 09:23:38,568 INFO  [Log] Se obtuvo el elemento cuadroReCaptcha 
2019-07-19 09:23:38,568 INFO  [Log] 4_Se verifica la visualizaci蚤 del campo recaptcha: Pasa 
2019-07-19 09:23:39,175 INFO  [Log] End test: M_Login_06 
2019-07-19 09:24:11,366 INFO  [Log] Sent message successfully.... 
2019-07-19 10:35:43,653 INFO  [Log] Start test: M_Home_01 
2019-07-19 10:36:05,149 INFO  [Log] Se obtuvo el elemento campoEmail 
2019-07-19 10:36:13,238 INFO  [Log] Se ingreso el correo 
2019-07-19 10:36:17,352 INFO  [Log] Se ingreso la contrasenia 
2019-07-19 10:36:20,906 INFO  [Log] Se hizo click en el boton Ingresar 
2019-07-19 10:36:20,907 INFO  [Log] 1_Se loguea el medico: Pasa 
2019-07-19 10:36:30,410 INFO  [Log] Se obtuvo el elemento campoUsuario 
2019-07-19 10:36:30,410 INFO  [Log] 2_Se verifica la visualizaci蚤 campo labelUsuario: Pasa 
2019-07-19 10:36:31,755 INFO  [Log] Se obtuvo el elemento moduloAtenerVideoconsultas 
2019-07-19 10:36:31,755 INFO  [Log] 3_Se verifica la visualizaci蚤 modulo Atender Videoconsultas: Pasa 
2019-07-19 10:36:32,720 INFO  [Log] Se obtuvo el elemento btnSalir 
2019-07-19 10:36:32,720 INFO  [Log] 4_Se verifica la visualizaci蚤 campo btnSalir: Pasa 
2019-07-19 10:36:34,238 INFO  [Log] Se obtuvo el elemento btnToolBox 
2019-07-19 10:36:34,238 INFO  [Log] 5_Se verifica la visualizaci蚤 campo btnToolBox: Pasa 
2019-07-19 10:36:35,684 INFO  [Log] Se obtuvo el elemento btnMiPerfil 
2019-07-19 10:36:35,684 INFO  [Log] 6_Se verifica la visualizaci蚤 campo btnMiPerfil: Pasa 
2019-07-19 10:36:36,516 INFO  [Log] End test: M_Home_01 
2019-07-19 10:36:38,291 INFO  [Log] Start test: M_Home_02 
2019-07-19 10:36:45,381 INFO  [Log] Se obtuvo el elemento campoEmail 
2019-07-19 10:36:47,546 INFO  [Log] Se ingreso el correo 
2019-07-19 10:36:48,072 INFO  [Log] Se ingreso la contrasenia 
2019-07-19 10:36:48,636 INFO  [Log] Se hizo click en el boton Ingresar 
2019-07-19 10:36:48,636 INFO  [Log] 1_Se loguea el medico: Pasa 
2019-07-19 10:36:52,564 INFO  [Log] Se ingresa al modulo de Atender Videconsultas 
2019-07-19 10:36:53,296 INFO  [Log] 2_Se ingresa al modulo Atender Videoconsultas: Pasa 
2019-07-19 10:36:56,576 INFO  [Log] Se obtuvo el elemento panelInformacion 
2019-07-19 10:36:56,576 INFO  [Log] 3_Se verifica la visualizaci蚤 del panel de Informaci蚤: Pasa 
2019-07-19 10:36:57,050 INFO  [Log] End test: M_Home_02 
2019-07-19 10:36:58,851 INFO  [Log] Start test: M_Home_03 
2019-07-19 10:37:06,130 INFO  [Log] Se obtuvo el elemento campoEmail 
2019-07-19 10:37:12,739 INFO  [Log] Se ingreso el correo 
2019-07-19 10:37:17,351 INFO  [Log] Se ingreso la contrasenia 
2019-07-19 10:37:19,672 INFO  [Log] Se hizo click en el boton Ingresar 
2019-07-19 10:37:19,672 INFO  [Log] 1_Se loguea el medico: Pasa 
2019-07-19 10:37:26,183 INFO  [Log] Se obtuvo el elemento btnMiPerfil 
2019-07-19 10:37:27,452 INFO  [Log] 2_Se verifica la visualizaci蚤 del bot蚤 Mi perfil: Pasa 
2019-07-19 10:39:40,159 INFO  [Log] No se encuentra visible el mensaje de alerta 
2019-07-19 10:39:47,093 INFO  [Log] Se hizo click en el elemento btnMiPerfil 
2019-07-19 10:39:47,828 INFO  [Log] 3_Se hace clic en el bot蚤 mi perfil: Pasa 
2019-07-19 10:39:47,828 INFO  [Log] End test: M_Home_03 
2019-07-19 10:39:51,220 INFO  [Log] Start test: M_Home_04 
2019-07-19 10:39:58,392 INFO  [Log] Se obtuvo el elemento campoEmail 
2019-07-19 10:40:01,791 INFO  [Log] Se ingreso el correo 
2019-07-19 10:40:04,258 INFO  [Log] Se ingreso la contrasenia 
2019-07-19 10:40:05,598 INFO  [Log] Se hizo click en el boton Ingresar 
2019-07-19 10:40:05,598 INFO  [Log] 1_Se loguea el medico: Pasa 
2019-07-19 10:40:08,990 INFO  [Log] Se obtuvo el elemento btnToolBox 
2019-07-19 10:40:09,511 INFO  [Log] 2_Se verifica la visualizaci蚤 del bot蚤 ToolBox: Pasa 
2019-07-19 10:40:11,158 INFO  [Log] Se cerro la alerta de login correctamente 
2019-07-19 10:40:16,471 INFO  [Log] Se hizo click en el boton toolbox 
2019-07-19 10:40:16,994 INFO  [Log] 3_Se hace clic en el bot蚤 ToolBox: Pasa 
2019-07-19 10:40:16,994 INFO  [Log] End test: M_Home_04 
2019-07-19 10:40:18,166 INFO  [Log] Start test: M_Home_05 
2019-07-19 10:40:21,390 INFO  [Log] Se obtuvo el elemento campoEmail 
2019-07-19 10:40:23,856 INFO  [Log] Se ingreso el correo 
2019-07-19 10:40:25,751 INFO  [Log] Se ingreso la contrasenia 
2019-07-19 10:40:26,674 INFO  [Log] Se hizo click en el boton Ingresar 
2019-07-19 10:40:26,674 INFO  [Log] 1_Se loguea el medico: Pasa 
2019-07-19 10:44:18,910 INFO  [Log] Fallo al obtener el elemento btnSalir 
2019-07-19 10:44:18,911 INFO  [Log] expected [true] but found [false] 
2019-07-19 10:44:18,911 INFO  [Log] 2_Se verifica la visualizaci蚤 del bot蚤 Salir: Falla 
2019-07-19 10:44:23,835 INFO  [Log] Start test: M_Login_01 
2019-07-19 10:44:27,398 INFO  [Log] Se obtuvo el elemento campoEmail 
2019-07-19 10:44:27,400 INFO  [Log] 1_Se verifica la visualizaci蚤 campo Email: Pasa 
2019-07-19 10:44:27,487 INFO  [Log] Se obtuvo el elemento campoContrasenia 
2019-07-19 10:44:27,487 INFO  [Log] 2_Se verifica la visualizaci蚤 campo contrase人: Pasa 
2019-07-19 10:44:27,515 INFO  [Log] Se obtuvo el elemento boton Ingresar 
2019-07-19 10:44:27,515 INFO  [Log] 3_Se verifica la visualizaci蚤 del bot蚤 ingresa deshabilitado: Pasa 
2019-07-19 10:44:27,603 INFO  [Log] Se obtuvo el elemento btnOlvidoContrasenia 
2019-07-19 10:44:27,603 INFO  [Log] 4_Se verifica la visualizaci蚤 del bot蚤 para recuperar contrase人: Pasa 
2019-07-19 10:44:27,681 INFO  [Log] Se obtuvo el elemento footer 
2019-07-19 10:44:27,681 INFO  [Log] 5_Se verifica la visualizaci蚤 Footer: Pasa 
2019-07-19 10:44:27,757 INFO  [Log] Se obtuvo el mensaje del footer 
2019-07-19 10:44:27,757 INFO  [Log] 6_Se verifica el Texto del Footer: Pasa 
2019-07-19 10:44:27,757 INFO  [Log] End test: M_Login_01 
2019-07-19 10:44:28,120 INFO  [Log] Start test: M_Login_02 
2019-07-19 10:44:30,113 INFO  [Log] Se obtuvo el elemento campoEmail 
2019-07-19 10:44:30,443 INFO  [Log] Se ingreso el correo 
2019-07-19 10:44:30,667 INFO  [Log] Se ingreso la contrasenia 
2019-07-19 10:44:30,840 INFO  [Log] Se hizo click en el boton Ingresar 
2019-07-19 10:44:30,840 INFO  [Log] 1_Se loguea el medico: Pasa 
2019-07-19 10:44:32,919 INFO  [Log] Se obtuvo el mensaje de alerta 
2019-07-19 10:44:33,814 INFO  [Log] 2_Se verifica mensaje de Bienvenida: Pasa 
2019-07-19 10:44:37,758 INFO  [Log] Se obtuvo el elemento moduloAtenerVideoconsultas 
2019-07-19 10:44:38,253 INFO  [Log] 3_Se ingresa a la home del medico: Pasa 
2019-07-19 10:44:38,253 INFO  [Log] End test: M_Login_02 
2019-07-19 10:44:42,379 INFO  [Log] Start test: M_Login_03 
2019-07-19 10:44:45,380 INFO  [Log] 1_Se ingresa al Login: Pasa 
2019-07-19 10:44:45,781 INFO  [Log] Se ingreso el correo 
2019-07-19 10:44:48,344 INFO  [Log] Se borro el correo 
2019-07-19 10:44:48,577 INFO  [Log] Se ingreso la contrasenia 
2019-07-19 10:44:48,679 INFO  [Log] Se borro el campo contrasenia 
2019-07-19 10:44:48,799 INFO  [Log] Se hizo click en el campo Email 
2019-07-19 10:44:48,831 INFO  [Log] Se obtuvo el elemento boton Ingresar 
2019-07-19 10:44:48,831 INFO  [Log] 2_Se verifica la visualizaci蚤 deshabilitada del bot蚤 Ingresar: Pasa 
2019-07-19 10:44:50,982 INFO  [Log] Se obtuvo el label de error del campo contrasenia 
2019-07-19 10:44:51,044 INFO  [Log] Se obtuvo el label de error del campo Email 
2019-07-19 10:44:51,758 INFO  [Log] 3_Se verifica texto error de campos Obligatorios: Pasa 
2019-07-19 10:44:51,758 INFO  [Log] End test: M_Login_03 
2019-07-19 10:44:57,402 INFO  [Log] Start test: M_Login_04 
2019-07-19 10:45:00,016 INFO  [Log] 1_Se ingresa al Login: Pasa 
2019-07-19 10:45:00,307 INFO  [Log] Se ingreso el correo 
2019-07-19 10:45:00,534 INFO  [Log] Se hizo click en el campo contrase침a 
2019-07-19 10:45:00,690 INFO  [Log] Se obtuvo el label de error del campo Email 
2019-07-19 10:45:01,544 INFO  [Log] 2_Se valida el formato del correo: Pasa 
2019-07-19 10:45:01,544 INFO  [Log] End test: M_Login_04 
2019-07-19 10:45:01,880 INFO  [Log] Start test: M_Login_05 
2019-07-19 10:45:06,015 INFO  [Log] 1_Se ingresa al Login: Pasa 
2019-07-19 10:45:06,214 INFO  [Log] Se obtuvo el elemento campoEmail 
2019-07-19 10:45:06,610 INFO  [Log] Se ingreso el correo 
2019-07-19 10:45:07,129 INFO  [Log] Se ingreso la contrasenia 
2019-07-19 10:45:07,356 INFO  [Log] Se hizo click en el boton Ingresar 
2019-07-19 10:45:08,685 INFO  [Log] Se obtuvo el titulo del alerta 
2019-07-19 10:45:08,751 INFO  [Log] Se obtuvo el mensaje de alerta 
2019-07-19 10:45:11,243 INFO  [Log] 2_Se verifica mensaje de Alerta: Pasa 
2019-07-19 10:45:11,243 INFO  [Log] End test: M_Login_05 
2019-07-19 10:45:21,174 INFO  [Log] Start test: M_Login_06 
2019-07-19 10:45:24,133 INFO  [Log] Se obtuvo el elemento btnOlvidoContrasenia 
2019-07-19 10:45:24,133 INFO  [Log] 1_Se verifica la visualizaci蚤 del bot蚤 para recuperar contrase人: Pasa 
2019-07-19 10:45:24,431 INFO  [Log] Se hizo click en el boton para recuperar contrase침a 
2019-07-19 10:45:24,431 INFO  [Log] 2_Se ingresa a recuperar contrase人: Pasa 
2019-07-19 10:45:27,235 INFO  [Log] Se obtuvo el elemento campoUsuario 
2019-07-19 10:45:27,235 INFO  [Log] 3_Se verifica la visualizaci蚤 del campo usuario: Pasa 
2019-07-19 10:45:27,297 INFO  [Log] Se obtuvo el elemento cuadroReCaptcha 
2019-07-19 10:45:27,297 INFO  [Log] 4_Se verifica la visualizaci蚤 del campo recaptcha: Pasa 
2019-07-19 10:45:28,519 INFO  [Log] End test: M_Login_06 
2019-07-19 10:46:11,010 INFO  [Log] Sent message successfully.... 
